2025-05-20 15:08:23 [INFO] === 워크플로우 실행 시작 ===
2025-05-20 15:08:23 [INFO] 분석할 대주제: 자연과학
2025-05-20 15:08:23 [INFO] 최대 동시 작업 수: 3
2025-05-20 15:08:23 [INFO] 워크플로우 시작
2025-05-20 15:08:23 [INFO] 키워드 추출 시작: 자연과학
2025-05-20 15:09:00 [SUCCESS] 키워드 추출 완료: CRISPR-Cas9, Quantum Computing, Synthetic Biology
2025-05-20 15:09:00 [INFO][CRISPR-Cas9] 처리 시작
2025-05-20 15:09:00 [INFO][Quantum Computing] 처리 시작
2025-05-20 15:09:00 [INFO][Synthetic Biology] 처리 시작
2025-05-20 15:09:00 [INFO][CRISPR-Cas9] 'CRISPR-Cas9' 관련 논문 검색 시작 (최대 200개)
2025-05-20 15:09:00 [INFO][Synthetic Biology] 'Synthetic Biology' 관련 논문 검색 시작 (최대 200개)
2025-05-20 15:09:00 [INFO][Quantum Computing] 'Quantum Computing' 관련 논문 검색 시작 (최대 200개)
2025-05-20 15:09:01 [WARNING][CRISPR-Cas9] 수집된 논문이 없습니다.
2025-05-20 15:09:01 [INFO][CRISPR-Cas9] 트렌드 데이터 수집 시작 (검색어: "CRISPR-Cas9")
2025-05-20 15:09:02 [INFO][Synthetic Biology] 첫 번째 논문: ChartMuseum: Testing Visual Reasoning Capabilities of Large Vision-Language Models (cs.CL, 2025-05-19)
2025-05-20 15:09:02 [INFO][Synthetic Biology] 배치 1 완료: 50개 수집 (최근 날짜: 2025-05-18)
2025-05-20 15:09:02 [INFO][Synthetic Biology] 배치 2 완료: 100개 수집 (최근 날짜: 2025-05-16)
2025-05-20 15:09:02 [INFO][Quantum Computing] 첫 번째 논문: CIE: Controlling Language Model Text Generations Using Continuous Signals (cs.CL, 2025-05-19)
2025-05-20 15:09:02 [INFO][Quantum Computing] 배치 1 완료: 50개 수집 (최근 날짜: 2025-05-19)
2025-05-20 15:09:02 [INFO][Quantum Computing] 배치 2 완료: 100개 수집 (최근 날짜: 2025-05-19)
2025-05-20 15:09:06 [INFO][Synthetic Biology] 배치 3 완료: 150개 수집 (최근 날짜: 2025-05-15)
2025-05-20 15:09:06 [INFO][Synthetic Biology] 배치 4 완료: 200개 수집 (최근 날짜: 2025-05-13)
2025-05-20 15:09:06 [SUCCESS][Synthetic Biology] 수집 완료: 200개 논문, 기간: 2025-05-13 ~ 2025-05-19
2025-05-20 15:09:06 [INFO][Synthetic Biology] 트렌드 데이터 수집 시작 (검색어: "Synthetic Biology")
2025-05-20 15:09:07 [INFO][Quantum Computing] 배치 3 완료: 150개 수집 (최근 날짜: 2025-05-19)
2025-05-20 15:09:07 [INFO][Quantum Computing] 배치 4 완료: 200개 수집 (최근 날짜: 2025-05-19)
2025-05-20 15:09:07 [SUCCESS][Quantum Computing] 수집 완료: 200개 논문, 기간: 2025-05-19 ~ 2025-05-19
2025-05-20 15:09:07 [INFO][Quantum Computing] 트렌드 데이터 수집 시작 (검색어: "Quantum Computing")
2025-05-20 15:09:08 [WARNING][CRISPR-Cas9] 트렌드 데이터 수집 시도 1/3 실패: The request failed: Google returned a response with code 429
2025-05-20 15:09:11 [INFO][CRISPR-Cas9] 트렌드 데이터 수집 시작 (검색어: "CRISPR-Cas9")
2025-05-20 15:09:14 [WARNING][Synthetic Biology] 트렌드 데이터 수집 시도 1/3 실패: The request failed: Google returned a response with code 429
2025-05-20 15:09:14 [WARNING][Quantum Computing] 트렌드 데이터 수집 시도 1/3 실패: The request failed: Google returned a response with code 429
2025-05-20 15:09:17 [INFO][Synthetic Biology] 트렌드 데이터 수집 시작 (검색어: "Synthetic Biology")
2025-05-20 15:09:17 [INFO][Quantum Computing] 트렌드 데이터 수집 시작 (검색어: "Quantum Computing")
2025-05-20 15:09:19 [INFO][CRISPR-Cas9] 수집된 데이터 샘플:
            "CRISPR-Cas9"  isPartial
date                                
2020-05-17             33      False
2020-05-24             29      False
2020-05-31             25      False
2020-06-07             25      False
2020-06-14             26      False
2025-05-20 15:09:19 [INFO][CRISPR-Cas9] 데이터 통계:
- 전체 포인트: 262개
- 전체 평균: 47.4
- 최대값: 100
- 최근 26주 평균: 79.8
- 기간: 2020-05-17 ~ 2025-05-18
2025-05-20 15:09:19 [SUCCESS][CRISPR-Cas9] 트렌드 데이터 수집 완료
2025-05-20 15:09:19 [INFO][CRISPR-Cas9] 뉴스 데이터 수집 시작: CRISPR-Cas9
2025-05-20 15:09:21 [SUCCESS][CRISPR-Cas9] 100개 뉴스 기사 수집 완료
2025-05-20 15:09:21 [SUCCESS][CRISPR-Cas9] 처리 완료
2025-05-20 15:09:24 [WARNING][Synthetic Biology] 트렌드 데이터 수집 시도 2/3 실패: The request failed: Google returned a response with code 429
2025-05-20 15:09:24 [WARNING][Quantum Computing] 트렌드 데이터 수집 시도 2/3 실패: The request failed: Google returned a response with code 429
2025-05-20 15:09:30 [INFO][Synthetic Biology] 트렌드 데이터 수집 시작 (검색어: "Synthetic Biology")
2025-05-20 15:09:30 [INFO][Quantum Computing] 트렌드 데이터 수집 시작 (검색어: "Quantum Computing")
2025-05-20 15:09:37 [WARNING][Synthetic Biology] 트렌드 데이터 수집 시도 3/3 실패: The request failed: Google returned a response with code 429
2025-05-20 15:09:37 [ERROR][Synthetic Biology] 트렌드 데이터 수집 실패: The request failed: Google returned a response with code 429
2025-05-20 15:09:37 [INFO][Synthetic Biology] 뉴스 데이터 수집 시작: Synthetic Biology
2025-05-20 15:09:38 [INFO][Quantum Computing] 수집된 데이터 샘플:
            "Quantum Computing"  isPartial
date                                      
2020-05-17                   10      False
2020-05-24                   11      False
2020-05-31                   10      False
2020-06-07                   10      False
2020-06-14                   11      False
2025-05-20 15:09:38 [INFO][Quantum Computing] 데이터 통계:
- 전체 포인트: 262개
- 전체 평균: 17.7
- 최대값: 100
- 최근 26주 평균: 45.2
- 기간: 2020-05-17 ~ 2025-05-18
2025-05-20 15:09:38 [SUCCESS][Quantum Computing] 트렌드 데이터 수집 완료
2025-05-20 15:09:38 [INFO][Quantum Computing] 뉴스 데이터 수집 시작: Quantum Computing
2025-05-20 15:09:39 [SUCCESS][Synthetic Biology] 100개 뉴스 기사 수집 완료
2025-05-20 15:09:39 [SUCCESS][Synthetic Biology] 처리 완료
2025-05-20 15:09:39 [SUCCESS][Quantum Computing] 100개 뉴스 기사 수집 완료
2025-05-20 15:09:39 [SUCCESS][Quantum Computing] 처리 완료
2025-05-20 15:09:39 [INFO][CRISPR-Cas9] 분석 시작
2025-05-20 15:09:39 [INFO][Synthetic Biology] 분석 시작
2025-05-20 15:09:39 [INFO][Quantum Computing] 분석 시작
2025-05-20 15:09:39 [INFO] 데이터 분석 시작
2025-05-20 15:09:39 [INFO] 데이터 분석 시작
2025-05-20 15:09:39 [INFO] 논문 데이터 분석 중
2025-05-20 15:09:39 [INFO] 논문 데이터 분석 중
2025-05-20 15:09:39 [INFO] 트렌드 데이터 분석 중
2025-05-20 15:09:39 [INFO] 트렌드 데이터 분석 중
2025-05-20 15:09:39 [INFO] 뉴스 데이터 분석 중
2025-05-20 15:09:39 [INFO] 뉴스 데이터 분석 중
2025-05-20 15:09:39 [INFO][Synthetic Biology] 분석 데이터 준비 완료
2025-05-20 15:09:39 [INFO][Quantum Computing] 분석 데이터 준비 완료
2025-05-20 15:09:40 [INFO][Synthetic Biology] 분석 프롬프트 생성 완료
2025-05-20 15:09:40 [INFO][Quantum Computing] 분석 프롬프트 생성 완료
2025-05-20 15:09:42 [INFO][Synthetic Biology] GPT 분석 완료
2025-05-20 15:09:42 [SUCCESS][Synthetic Biology] 응답 파싱 성공
2025-05-20 15:09:42 [SUCCESS][Synthetic Biology] 분석 완료
2025-05-20 15:09:42 [SUCCESS] 데이터 분석 완료
2025-05-20 15:09:42 [SUCCESS][Synthetic Biology] 분석 완료
2025-05-20 15:09:43 [INFO][Quantum Computing] GPT 분석 완료
2025-05-20 15:09:43 [SUCCESS][Quantum Computing] 응답 파싱 성공
2025-05-20 15:09:43 [SUCCESS][Quantum Computing] 분석 완료
2025-05-20 15:09:43 [SUCCESS] 데이터 분석 완료
2025-05-20 15:09:43 [SUCCESS][Quantum Computing] 분석 완료
2025-05-20 15:09:43 [INFO] 보고서 생성 시작
2025-05-20 15:09:43 [WARNING][CRISPR-Cas9] 분석 결과 없음: None
2025-05-20 15:09:43 [SUCCESS][Synthetic Biology] 분석 결과 처리 완료
2025-05-20 15:09:43 [SUCCESS][Quantum Computing] 분석 결과 처리 완료
2025-05-20 15:09:43 [INFO] 성공한 분석 결과 수: 2
2025-05-20 15:09:43 [INFO] 보고서 생성 시작
2025-05-20 15:09:43 [INFO] 관련 기업 정보 생성 중 - Synthetic Biology
2025-05-20 15:10:02 [INFO] 관련 기업 정보 생성 중 - Quantum Computing
2025-05-20 15:10:23 [INFO] 보고서 요약 생성 중
2025-05-20 15:10:27 [SUCCESS] 보고서 생성 완료
2025-05-20 15:10:27 [INFO] 보고서 저장 시작
2025-05-20 15:10:27 [SUCCESS] 보고서 저장 완료: ./outputs/trend_report_20250520_151027.md
2025-05-20 15:10:27 [SUCCESS] 보고서 저장 성공: ./outputs/trend_report_20250520_151027.md
2025-05-20 15:10:27 [SUCCESS] === 워크플로우 실행 완료 ===
2025-05-20 15:10:27 [INFO] 총 소요 시간: 123.4초
2025-05-20 15:10:27 [INFO] 성공: 2개 키워드
2025-05-20 15:10:27 [INFO] 실패: 1개 키워드
2025-05-20 15:10:27 [SUCCESS] 보고서 저장: ./outputs/trend_report_20250520_151027.md
2025-05-20 15:10:27 [INFO] 보고서 저장 시작
2025-05-20 15:10:27 [INFO] HTML 임시 파일 삭제: ./outputs/trend_report_20250520_151027.html
2025-05-20 15:10:27 [INFO] 중간 마크다운 파일 삭제: ./outputs/trend_report_20250520_151027.md
2025-05-20 15:10:27 [SUCCESS] PDF 보고서 저장 완료: ./outputs/trend_report_20250520_151027.pdf
